wandb: Using wandb-core as the SDK backend.  Please refer to https://wandb.me/wandb-core for more information.
wandb: Using wandb-core as the SDK backend.  Please refer to https://wandb.me/wandb-core for more information.
wandb: Currently logged in as: kato-schmidt (kato-schmidt-university-of-amsterdam) to https://api.wandb.ai. Use `wandb login --relogin` to force relogin
wandb: Currently logged in as: kato-schmidt (kato-schmidt-university-of-amsterdam) to https://api.wandb.ai. Use `wandb login --relogin` to force relogin
wandb: Tracking run with wandb version 0.19.9
wandb: Run data is saved locally in experiments/turbulent_radiative_layer_2D-sinenet-SineNet-0.0002/11/wandb/run-20250421_095227-o8hoofce
wandb: Run `wandb offline` to turn off syncing.
wandb: Syncing run turbulent_radiative_layer_2D-sinenet-SineNet-0.0002
wandb: ⭐️ View project at https://wandb.ai/kato-schmidt-university-of-amsterdam/the_well_sinenet_test
wandb: 🚀 View run at https://wandb.ai/kato-schmidt-university-of-amsterdam/the_well_sinenet_test/runs/o8hoofce
wandb: Tracking run with wandb version 0.19.9
wandb: Run data is saved locally in experiments/turbulent_radiative_layer_2D-sinenet-SineNet-0.0002/11/wandb/run-20250421_095227-o8hoofce
wandb: Run `wandb offline` to turn off syncing.
wandb: Syncing run turbulent_radiative_layer_2D-sinenet-SineNet-0.0002
wandb: ⭐️ View project at https://wandb.ai/kato-schmidt-university-of-amsterdam/the_well_sinenet_test
wandb: 🚀 View run at https://wandb.ai/kato-schmidt-university-of-amsterdam/the_well_sinenet_test/runs/o8hoofce
/gpfs/home4/kschmidt/the_well_sinenet/the_well/data/datamodule.py:115: DeprecationWarning: `use_normalization` parameter will be removed in a future version. For proper normalizing, set both use_normalization=True and normalization_type to either ZScoreNormalization or RMSNormalization.Default behavior is `normalization_type=ZScoreNormalization` and `use_normalization=True`.To switch off normalization instead, please set use_normalization=False in the config.yaml file
  warnings.warn(
/gpfs/home4/kschmidt/the_well_sinenet/the_well/data/datamodule.py:115: DeprecationWarning: `use_normalization` parameter will be removed in a future version. For proper normalizing, set both use_normalization=True and normalization_type to either ZScoreNormalization or RMSNormalization.Default behavior is `normalization_type=ZScoreNormalization` and `use_normalization=True`.To switch off normalization instead, please set use_normalization=False in the config.yaml file
  warnings.warn(
/gpfs/home4/kschmidt/the_well/the_well_venv/lib/python3.11/site-packages/timm/models/layers/__init__.py:48: FutureWarning: Importing from timm.models.layers is deprecated, please import via timm.layers
  warnings.warn(f"Importing from {__name__} is deprecated, please import via timm.layers", FutureWarning)
/gpfs/home4/kschmidt/the_well/the_well_venv/lib/python3.11/site-packages/timm/models/layers/__init__.py:48: FutureWarning: Importing from timm.models.layers is deprecated, please import via timm.layers
  warnings.warn(f"Importing from {__name__} is deprecated, please import via timm.layers", FutureWarning)
  0%|          | 0/54 [00:00<?, ?it/s]  2%|▏         | 1/54 [00:00<00:35,  1.48it/s]  4%|▎         | 2/54 [00:01<00:27,  1.92it/s]  6%|▌         | 3/54 [00:01<00:23,  2.15it/s]  6%|▌         | 3/54 [00:01<00:31,  1.60it/s]
  0%|          | 0/54 [00:00<?, ?it/s]  2%|▏         | 1/54 [00:00<00:25,  2.10it/s]  4%|▎         | 2/54 [00:00<00:21,  2.42it/s]  6%|▌         | 3/54 [00:01<00:20,  2.51it/s]  6%|▌         | 3/54 [00:01<00:25,  2.04it/s]
