[2025-04-18 13:49:27,400][the_well][INFO] - Run experiment turbulent_radiative_layer_2D-sinenet-SineNet-0.0002
[2025-04-18 13:49:27,400][the_well][INFO] - Run experiment turbulent_radiative_layer_2D-sinenet-SineNet-0.0002
[2025-04-18 13:49:27,403][the_well][INFO] - Configuration:
data:
  _target_: the_well.data.WellDataModule
  batch_size: 8
  well_base_path: /home/kschmidt/the_well/datasets/
  well_dataset_name: turbulent_radiative_layer_2D
  use_normalization: true
  min_dt_stride: 1
  max_dt_stride: 1
  n_steps_input: 4
  n_steps_output: 1
  include_filters:
  - turbulent_radiative_layer_tcool_0.03.hdf5
  normalization_type:
    _partial_: true
    _target_: the_well.data.normalization.ZScoreNormalization
  train_dataset:
    _partial_: true
    _target_: the_well.data.datasets.WellDataset
model:
  _target_: the_well.benchmark.models.sinenet.SineNet
  n_input_scalar_components: 2
  n_input_vector_components: 1
  n_output_scalar_components: 2
  n_output_vector_components: 1
  hidden_channels: 42
  padding_mode: circular
  activation: gelu
  num_layers: 4
  num_waves: 2
  num_blocks: 1
  norm: true
  mult: 1.2
lr_scheduler:
  _target_: the_well.benchmark.optim.schedulers.LinearWarmupCosineAnnealingLR
  warmup_epochs: 5
trainer:
  _target_: the_well.benchmark.trainer.Trainer
  epochs: 4
  val_frequency: 1
  rollout_val_frequency: 2
  short_validation_length: 4
  max_rollout_steps: 10
  num_time_intervals: 3
  make_rollout_videos: false
  checkpoint_frequency: 20
  loss_fn:
    _target_: the_well.benchmark.metrics.CustomMSELoss
  checkpoint_path: ''
  formatter: sinenet_formatter
experiment_dir: experiments/
auto_resume: false
folder_override: ''
checkpoint_override: ''
config_override: ''
validation_mode: false
wandb_project_name: the_well_sinenet_test
epochs: 4
val_frequency: 1
short_validation_length: 4
max_rollout_steps: 10
num_time_intervals: 3
data_workers: 0
optimizer:
  _target_: torch.optim.AdamW
  lr: 0.0002
_target_: the_well.benchmark.models.sinenet.SineNet
n_input_scalar_components: 2
n_input_vector_components: 1
n_output_scalar_components: 2
n_output_vector_components: 1
time_history: 4
time_future: 1
hidden_channels: 42
padding_mode: circular
activation: gelu
num_layers: 4
num_waves: 1
num_blocks: 1
norm: true
mult: 1.2
name: sinenet

[2025-04-18 13:49:27,403][the_well][INFO] - Configuration:
data:
  _target_: the_well.data.WellDataModule
  batch_size: 8
  well_base_path: /home/kschmidt/the_well/datasets/
  well_dataset_name: turbulent_radiative_layer_2D
  use_normalization: true
  min_dt_stride: 1
  max_dt_stride: 1
  n_steps_input: 4
  n_steps_output: 1
  include_filters:
  - turbulent_radiative_layer_tcool_0.03.hdf5
  normalization_type:
    _partial_: true
    _target_: the_well.data.normalization.ZScoreNormalization
  train_dataset:
    _partial_: true
    _target_: the_well.data.datasets.WellDataset
model:
  _target_: the_well.benchmark.models.sinenet.SineNet
  n_input_scalar_components: 2
  n_input_vector_components: 1
  n_output_scalar_components: 2
  n_output_vector_components: 1
  hidden_channels: 42
  padding_mode: circular
  activation: gelu
  num_layers: 4
  num_waves: 2
  num_blocks: 1
  norm: true
  mult: 1.2
lr_scheduler:
  _target_: the_well.benchmark.optim.schedulers.LinearWarmupCosineAnnealingLR
  warmup_epochs: 5
trainer:
  _target_: the_well.benchmark.trainer.Trainer
  epochs: 4
  val_frequency: 1
  rollout_val_frequency: 2
  short_validation_length: 4
  max_rollout_steps: 10
  num_time_intervals: 3
  make_rollout_videos: false
  checkpoint_frequency: 20
  loss_fn:
    _target_: the_well.benchmark.metrics.CustomMSELoss
  checkpoint_path: ''
  formatter: sinenet_formatter
experiment_dir: experiments/
auto_resume: false
folder_override: ''
checkpoint_override: ''
config_override: ''
validation_mode: false
wandb_project_name: the_well_sinenet_test
epochs: 4
val_frequency: 1
short_validation_length: 4
max_rollout_steps: 10
num_time_intervals: 3
data_workers: 0
optimizer:
  _target_: torch.optim.AdamW
  lr: 0.0002
_target_: the_well.benchmark.models.sinenet.SineNet
n_input_scalar_components: 2
n_input_vector_components: 1
n_output_scalar_components: 2
n_output_vector_components: 1
time_history: 4
time_future: 1
hidden_channels: 42
padding_mode: circular
activation: gelu
num_layers: 4
num_waves: 1
num_blocks: 1
norm: true
mult: 1.2
name: sinenet

[2025-04-18 13:49:28,601][the_well][INFO] - Distributed training: False
[2025-04-18 13:49:28,601][the_well][INFO] - Distributed training: False
[2025-04-18 13:49:28,601][the_well][INFO] - Instantiate datamodule the_well.data.WellDataModule
[2025-04-18 13:49:28,601][the_well][INFO] - Instantiate datamodule the_well.data.WellDataModule
[2025-04-18 13:49:28,701][the_well][INFO] - Instantiate model the_well.benchmark.models.sinenet.SineNet
[2025-04-18 13:49:28,702][the_well][INFO] - Instantiate model the_well.benchmark.models.sinenet.SineNet
[1;34mwandb[0m: 
[1;34mwandb[0m: 🚀 View run [33mturbulent_radiative_layer_2D-sinenet-SineNet-0.0002[0m at: [34mhttps://wandb.ai/kato-schmidt-university-of-amsterdam/the_well_sinenet_test/runs/53admcs3[0m
[1;34mwandb[0m: 
[1;34mwandb[0m: 🚀 View run [33mturbulent_radiative_layer_2D-sinenet-SineNet-0.0002[0m at: [34mhttps://wandb.ai/kato-schmidt-university-of-amsterdam/the_well_sinenet_test/runs/53admcs3[0m

JOB STATISTICS
==============
Job ID: 11261520
Cluster: snellius
User/Group: kschmidt/kschmidt
State: FAILED (exit code 143)
Nodes: 1
Cores per node: 16
CPU Utilized: 00:00:11
CPU Efficiency: 3.44% of 00:05:20 core-walltime
Job Wall-clock time: 00:00:20
Memory Utilized: 399.47 MB
Memory Efficiency: 0.22% of 180.00 GB (180.00 GB/node)
The task which had the largest memory consumption differs by 199.37% from the average task max memory consumption
